[15-Nov-2025 04:19:53 Europe/Berlin] borrar_ventas: Historial borrado
[15-Nov-2025 04:20:00 Europe/Berlin] guardar_venta: INICIO - Método: POST
[15-Nov-2025 04:20:00 Europe/Berlin] guardar_venta: RAW INPUT: {"repuesto_id":"1","nombre_producto":"Carburador","cantidad":2,"precio_unitario":125000}
[15-Nov-2025 04:20:00 Europe/Berlin] guardar_venta: INPUT parseado: Array
(
    [repuesto_id] => 1
    [nombre_producto] => Carburador
    [cantidad] => 2
    [precio_unitario] => 125000
)

[15-Nov-2025 04:20:00 Europe/Berlin] guardar_venta: Descripción obtenida de BD: 'AKT'
[15-Nov-2025 04:20:00 Europe/Berlin] guardar_venta: Stock restado correctamente para ID 1
[15-Nov-2025 04:20:00 Europe/Berlin] guardar_venta: VENTA GUARDADA - ID: 1, Descripción: 'AKT'
[15-Nov-2025 04:21:23 Europe/Berlin] guardar_venta: INICIO - Método: POST
[15-Nov-2025 04:21:23 Europe/Berlin] guardar_venta: RAW INPUT: {"repuesto_id":"2","nombre_producto":"Bobina de encendido","cantidad":1,"precio_unitario":80000}
[15-Nov-2025 04:21:23 Europe/Berlin] guardar_venta: INPUT parseado: Array
(
    [repuesto_id] => 2
    [nombre_producto] => Bobina de encendido
    [cantidad] => 1
    [precio_unitario] => 80000
)

[15-Nov-2025 04:21:23 Europe/Berlin] guardar_venta: Descripción obtenida de BD: 'Yamaha SZR'
[15-Nov-2025 04:21:23 Europe/Berlin] guardar_venta: Stock restado correctamente para ID 2
[15-Nov-2025 04:21:23 Europe/Berlin] guardar_venta: VENTA GUARDADA - ID: 2, Descripción: 'Yamaha SZR'
[15-Nov-2025 04:25:01 Europe/Berlin] guardar_venta: INICIO - Método: POST
[15-Nov-2025 04:25:01 Europe/Berlin] guardar_venta: RAW INPUT: {"repuesto_id":"1","nombre_producto":"Carburador","cantidad":1,"precio_unitario":125000}
[15-Nov-2025 04:25:01 Europe/Berlin] guardar_venta: INPUT parseado: Array
(
    [repuesto_id] => 1
    [nombre_producto] => Carburador
    [cantidad] => 1
    [precio_unitario] => 125000
)

[15-Nov-2025 04:25:01 Europe/Berlin] guardar_venta: Descripción obtenida de BD: 'AKT'
[15-Nov-2025 04:25:01 Europe/Berlin] guardar_venta: Stock restado correctamente para ID 1
[15-Nov-2025 04:25:01 Europe/Berlin] guardar_venta: VENTA GUARDADA - ID: 3, Descripción: 'AKT'
[15-Nov-2025 04:25:32 Europe/Berlin] borrar_ventas: Historial borrado
[15-Nov-2025 04:34:47 Europe/Berlin] guardar_venta: INICIO - Método: POST
[15-Nov-2025 04:34:47 Europe/Berlin] guardar_venta: RAW INPUT: {"repuesto_id":"3","nombre_producto":"Carburador","cantidad":1,"precio_unitario":125000}
[15-Nov-2025 04:34:47 Europe/Berlin] guardar_venta: INPUT parseado: Array
(
    [repuesto_id] => 3
    [nombre_producto] => Carburador
    [cantidad] => 1
    [precio_unitario] => 125000
)

[15-Nov-2025 04:34:47 Europe/Berlin] guardar_venta: Descripción obtenida de BD: 'AKT'
[15-Nov-2025 04:34:47 Europe/Berlin] guardar_venta: Stock restado correctamente para ID 3
[15-Nov-2025 04:34:47 Europe/Berlin] guardar_venta: VENTA GUARDADA - ID: 1, Descripción: 'AKT'
[15-Nov-2025 04:37:19 Europe/Berlin] guardar_venta: INICIO - Método: POST
[15-Nov-2025 04:37:19 Europe/Berlin] guardar_venta: RAW INPUT: {"repuesto_id":"3","nombre_producto":"Carburador","descripcion":"AKT","cantidad":1,"precio_unitario":125000}
[15-Nov-2025 04:37:19 Europe/Berlin] guardar_venta: INPUT parseado: Array
(
    [repuesto_id] => 3
    [nombre_producto] => Carburador
    [descripcion] => AKT
    [cantidad] => 1
    [precio_unitario] => 125000
)

[15-Nov-2025 04:37:19 Europe/Berlin] guardar_venta: Stock restado correctamente para ID 3
[15-Nov-2025 04:37:19 Europe/Berlin] guardar_venta: VENTA GUARDADA - ID: 2, Descripción: 'AKT'
[15-Nov-2025 04:41:00 Europe/Berlin] guardar_venta: INICIO - Método: POST
[15-Nov-2025 04:41:00 Europe/Berlin] guardar_venta: RAW INPUT: {"repuesto_id":"3","nombre_producto":"Carburador","descripcion":"AKT","cantidad":1,"precio_unitario":125000}
[15-Nov-2025 04:41:00 Europe/Berlin] guardar_venta: INPUT parseado: Array
(
    [repuesto_id] => 3
    [nombre_producto] => Carburador
    [descripcion] => AKT
    [cantidad] => 1
    [precio_unitario] => 125000
)

[15-Nov-2025 04:41:00 Europe/Berlin] guardar_venta: Stock restado correctamente para ID 3
[15-Nov-2025 04:41:00 Europe/Berlin] guardar_venta: VENTA GUARDADA - ID: 3, Descripción: 'AKT'
[15-Nov-2025 04:44:51 Europe/Berlin] borrar_ventas: Historial borrado
[15-Nov-2025 04:47:02 Europe/Berlin] guardar_venta: INICIO - Método: POST
[15-Nov-2025 04:47:02 Europe/Berlin] guardar_venta: RAW INPUT: {"repuesto_id":"4","nombre_producto":"Frenos","descripcion":"Honda","cantidad":1,"precio_unitario":12000}
[15-Nov-2025 04:47:02 Europe/Berlin] guardar_venta: INPUT parseado: Array
(
    [repuesto_id] => 4
    [nombre_producto] => Frenos
    [descripcion] => Honda
    [cantidad] => 1
    [precio_unitario] => 12000
)

[15-Nov-2025 04:47:02 Europe/Berlin] guardar_venta: Stock restado correctamente para ID 4
[15-Nov-2025 04:47:02 Europe/Berlin] guardar_venta: VENTA GUARDADA - ID: 1, Descripción: 'Honda'
[15-Nov-2025 04:52:01 Europe/Berlin] borrar_ventas: Historial borrado
[15-Nov-2025 05:10:41 Europe/Berlin] API: Acción desconocida: agregar_cliente
[15-Nov-2025 05:10:59 Europe/Berlin] guardar_venta: INICIO - Método: POST
[15-Nov-2025 05:10:59 Europe/Berlin] guardar_venta: RAW INPUT: {"repuesto_id":"7","nombre_producto":"Carburador","descripcion":"Honda CB125F","cantidad":1,"precio_unitario":180000,"cliente_id":null}
[15-Nov-2025 05:10:59 Europe/Berlin] guardar_venta: INPUT parseado: Array
(
    [repuesto_id] => 7
    [nombre_producto] => Carburador
    [descripcion] => Honda CB125F
    [cantidad] => 1
    [precio_unitario] => 180000
    [cliente_id] => 
)

[15-Nov-2025 05:10:59 Europe/Berlin] guardar_venta: Stock restado correctamente para ID 7
[15-Nov-2025 05:10:59 Europe/Berlin] guardar_venta: VENTA GUARDADA - ID: 1, Descripción: 'Honda CB125F'
[15-Nov-2025 05:11:22 Europe/Berlin] API: Acción desconocida: buscar_clientes
[15-Nov-2025 05:11:22 Europe/Berlin] API: Acción desconocida: buscar_clientes
[15-Nov-2025 05:11:22 Europe/Berlin] API: Acción desconocida: buscar_clientes
[15-Nov-2025 05:11:23 Europe/Berlin] API: Acción desconocida: buscar_clientes
[15-Nov-2025 05:11:24 Europe/Berlin] API: Acción desconocida: buscar_clientes
[15-Nov-2025 05:11:24 Europe/Berlin] API: Acción desconocida: buscar_clientes
[15-Nov-2025 05:11:24 Europe/Berlin] API: Acción desconocida: buscar_clientes
[15-Nov-2025 05:11:24 Europe/Berlin] API: Acción desconocida: buscar_clientes
[15-Nov-2025 05:11:41 Europe/Berlin] API: Acción desconocida: agregar_cliente
[15-Nov-2025 05:11:49 Europe/Berlin] guardar_venta: INICIO - Método: POST
[15-Nov-2025 05:11:49 Europe/Berlin] guardar_venta: RAW INPUT: {"repuesto_id":"7","nombre_producto":"Carburador","descripcion":"Honda CB125F","cantidad":1,"precio_unitario":180000,"cliente_id":null}
[15-Nov-2025 05:11:49 Europe/Berlin] guardar_venta: INPUT parseado: Array
(
    [repuesto_id] => 7
    [nombre_producto] => Carburador
    [descripcion] => Honda CB125F
    [cantidad] => 1
    [precio_unitario] => 180000
    [cliente_id] => 
)

[15-Nov-2025 05:11:49 Europe/Berlin] guardar_venta: Stock restado correctamente para ID 7
[15-Nov-2025 05:11:49 Europe/Berlin] guardar_venta: VENTA GUARDADA - ID: 2, Descripción: 'Honda CB125F'
[15-Nov-2025 05:12:31 Europe/Berlin] API: Acción desconocida: agregar_cliente
[15-Nov-2025 05:12:35 Europe/Berlin] API: Acción desconocida: buscar_clientes
[15-Nov-2025 05:12:50 Europe/Berlin] guardar_venta: INICIO - Método: POST
[15-Nov-2025 05:12:50 Europe/Berlin] guardar_venta: RAW INPUT: {"repuesto_id":"6","nombre_producto":"Gualla","descripcion":"Honda","cantidad":1,"precio_unitario":15000,"cliente_id":null}
[15-Nov-2025 05:12:50 Europe/Berlin] guardar_venta: INPUT parseado: Array
(
    [repuesto_id] => 6
    [nombre_producto] => Gualla
    [descripcion] => Honda
    [cantidad] => 1
    [precio_unitario] => 15000
    [cliente_id] => 
)

[15-Nov-2025 05:12:50 Europe/Berlin] guardar_venta: Stock restado correctamente para ID 6
[15-Nov-2025 05:12:50 Europe/Berlin] guardar_venta: VENTA GUARDADA - ID: 3, Descripción: 'Honda'
[15-Nov-2025 05:14:09 Europe/Berlin] API: Acción desconocida: agregar_cliente
[15-Nov-2025 05:14:12 Europe/Berlin] API: Acción desconocida: buscar_clientes
[15-Nov-2025 05:14:12 Europe/Berlin] API: Acción desconocida: buscar_clientes
[15-Nov-2025 05:14:12 Europe/Berlin] API: Acción desconocida: buscar_clientes
[15-Nov-2025 05:14:12 Europe/Berlin] API: Acción desconocida: buscar_clientes
[15-Nov-2025 05:14:12 Europe/Berlin] API: Acción desconocida: buscar_clientes
[15-Nov-2025 05:14:13 Europe/Berlin] API: Acción desconocida: buscar_clientes
[15-Nov-2025 05:14:13 Europe/Berlin] API: Acción desconocida: buscar_clientes
[15-Nov-2025 05:14:13 Europe/Berlin] API: Acción desconocida: buscar_clientes
[15-Nov-2025 05:14:15 Europe/Berlin] API: Acción desconocida: buscar_clientes
[15-Nov-2025 05:14:15 Europe/Berlin] API: Acción desconocida: buscar_clientes
[15-Nov-2025 05:14:16 Europe/Berlin] API: Acción desconocida: buscar_clientes
[15-Nov-2025 05:14:16 Europe/Berlin] API: Acción desconocida: buscar_clientes
[15-Nov-2025 05:14:16 Europe/Berlin] API: Acción desconocida: buscar_clientes
[15-Nov-2025 05:14:16 Europe/Berlin] API: Acción desconocida: buscar_clientes
[15-Nov-2025 05:19:19 Europe/Berlin] API: Acción desconocida: agregar_cliente
[15-Nov-2025 05:19:22 Europe/Berlin] guardar_venta: INICIO - Método: POST
[15-Nov-2025 05:19:22 Europe/Berlin] guardar_venta: RAW INPUT: {"repuesto_id":"7","nombre_producto":"Carburador","descripcion":"Honda CB125F","cantidad":1,"precio_unitario":180000,"cliente_id":null}
[15-Nov-2025 05:19:22 Europe/Berlin] guardar_venta: INPUT parseado: Array
(
    [repuesto_id] => 7
    [nombre_producto] => Carburador
    [descripcion] => Honda CB125F
    [cantidad] => 1
    [precio_unitario] => 180000
    [cliente_id] => 
)

[15-Nov-2025 05:19:22 Europe/Berlin] guardar_venta: Stock restado correctamente para ID 7
[15-Nov-2025 05:19:22 Europe/Berlin] guardar_venta: VENTA GUARDADA - ID: 4, Descripción: 'Honda CB125F'
[15-Nov-2025 05:19:43 Europe/Berlin] borrar_ventas: Historial borrado
